<?xml version="1.0" encoding="UTF-8"?>
<!-- Generated by org.testng.reporters.JUnitReportReporter -->
<testsuite hostname="badanekai" name="com.paypal.tests.SimpleTest" tests="1" failures="0" timestamp="9 Aug 2015 13:37:32 GMT" time="0.007" errors="0">
  <testcase name="testMethod" time="0.007" classname="com.paypal.tests.SimpleTest"/>
</testsuite> <!-- com.paypal.tests.SimpleTest -->
