<?xml version="1.0" encoding="UTF-8"?>
<!-- Generated by org.testng.reporters.JUnitReportReporter -->
<testsuite hostname="badanekai" name="com.paypal.demo.CreateNewAccount" tests="1" failures="0" timestamp="2 Aug 2015 11:49:06 GMT" time="18.789" errors="0">
  <testcase name="createNewAccount" time="18.789" classname="com.paypal.demo.CreateNewAccount"/>
</testsuite> <!-- com.paypal.demo.CreateNewAccount -->
