<?xml version="1.0" encoding="UTF-8"?>
<!-- Generated by org.testng.reporters.JUnitReportReporter -->
<testsuite hostname="badanekai" name="com.paypal.demo.NewTest" tests="1" failures="0" timestamp="2 Aug 2015 10:11:44 GMT" time="0.020" errors="0">
  <testcase name="f" time="0.020" classname="com.paypal.demo.NewTest"/>
</testsuite> <!-- com.paypal.demo.NewTest -->
