<?xml version="1.0" encoding="UTF-8"?>
<!-- Generated by org.testng.reporters.JUnitReportReporter -->
<testsuite hostname="badanekai" name="com.paypal.tests.CreateNewAccount" tests="1" failures="0" timestamp="5 Aug 2015 17:57:55 GMT" time="0.151" errors="0">
  <testcase name="createNewAccount" time="0.151" classname="com.paypal.tests.CreateNewAccount"/>
</testsuite> <!-- com.paypal.tests.CreateNewAccount -->
